build/intermediates/manifest_merge_blame_file/release/manifest-merger-blame-release-report.txt
1<?xml version="1.0" encoding="utf-8"?>
2<manifest xmlns:android="http://schemas.android.com/apk/res/android"
3    package="com.scg.studinfo"
4    android:versionCode="40"
5    android:versionName="1.0.40" >
6
7    <uses-sdk
8        android:minSdkVersion="24"
8-->src\main\AndroidManifest.xml
9        android:targetSdkVersion="29" />
9-->src\main\AndroidManifest.xml
10
11    <uses-feature
11-->src\main\AndroidManifest.xml:6:5-8:35
12        android:name="android.hardware.camera"
12-->src\main\AndroidManifest.xml:7:9-47
13        android:required="true" />
13-->src\main\AndroidManifest.xml:8:9-32
14
15    <uses-permission android:name="android.permission.READ_EXTERNAL_STORAGE" />
15-->src\main\AndroidManifest.xml:10:5-80
15-->src\main\AndroidManifest.xml:10:22-77
16    <uses-permission android:name="android.permission.WRITE_EXTERNAL_STORAGE" />
16-->src\main\AndroidManifest.xml:11:5-81
16-->src\main\AndroidManifest.xml:11:22-78
17
18    <!-- Required permission for App measurement to run. -->
19    <uses-permission android:name="android.permission.INTERNET" />
19-->[com.google.android.gms:play-services-measurement:17.5.0] AndroidManifest.xml:23:5-67
19-->[com.google.android.gms:play-services-measurement:17.5.0] AndroidManifest.xml:23:22-64
20    <uses-permission android:name="android.permission.ACCESS_NETWORK_STATE" />
20-->[com.google.android.gms:play-services-measurement:17.5.0] AndroidManifest.xml:24:5-79
20-->[com.google.android.gms:play-services-measurement:17.5.0] AndroidManifest.xml:24:22-76
21    <uses-permission android:name="android.permission.WAKE_LOCK" />
21-->[com.google.android.gms:play-services-measurement:17.5.0] AndroidManifest.xml:25:5-68
21-->[com.google.android.gms:play-services-measurement:17.5.0] AndroidManifest.xml:25:22-65
22    <uses-permission android:name="com.google.android.finsky.permission.BIND_GET_INSTALL_REFERRER_SERVICE" />
22-->[com.google.android.gms:play-services-measurement:17.5.0] AndroidManifest.xml:26:5-110
22-->[com.google.android.gms:play-services-measurement:17.5.0] AndroidManifest.xml:26:22-107
23
24    <application
24-->src\main\AndroidManifest.xml:13:5-61:19
25        android:allowBackup="true"
25-->src\main\AndroidManifest.xml:14:9-35
26        android:appComponentFactory="androidx.core.app.CoreComponentFactory"
26-->[androidx.core:core:1.2.0] AndroidManifest.xml:24:18-86
27        android:extractNativeLibs="false"
28        android:icon="@mipmap/ic_launcher"
28-->src\main\AndroidManifest.xml:15:9-43
29        android:label="@string/app_name"
29-->src\main\AndroidManifest.xml:16:9-41
30        android:roundIcon="@mipmap/ic_launcher_round"
30-->src\main\AndroidManifest.xml:17:9-54
31        android:supportsRtl="true"
31-->src\main\AndroidManifest.xml:18:9-35
32        android:theme="@style/AppTheme" >
32-->src\main\AndroidManifest.xml:19:9-40
33        <activity android:name="com.scg.studinfo.activities.TestActivity" />
33-->src\main\AndroidManifest.xml:21:9-86
33-->src\main\AndroidManifest.xml:21:19-74
34        <activity
34-->src\main\AndroidManifest.xml:22:9-24:59
35            android:name="com.theartofdev.edmodo.cropper.CropImageActivity"
35-->src\main\AndroidManifest.xml:23:13-76
36            android:theme="@style/Base.Theme.AppCompat" />
36-->src\main\AndroidManifest.xml:24:13-56
37        <activity android:name="com.scg.studinfo.activities.ListUnityAtActivActivity" />
37-->src\main\AndroidManifest.xml:25:9-89
37-->src\main\AndroidManifest.xml:25:19-86
38        <activity android:name="com.scg.studinfo.activities.ListUnityActivity" />
38-->src\main\AndroidManifest.xml:26:9-82
38-->src\main\AndroidManifest.xml:26:19-79
39        <activity android:name="com.scg.studinfo.activities.AddPersonsAtUnityActivity" />
39-->src\main\AndroidManifest.xml:27:9-90
39-->src\main\AndroidManifest.xml:27:19-87
40        <activity android:name="com.scg.studinfo.activities.AddUnityActivity" />
40-->src\main\AndroidManifest.xml:28:9-81
40-->src\main\AndroidManifest.xml:28:19-78
41        <activity android:name="com.scg.studinfo.activities.EditUnityActivity" />
41-->src\main\AndroidManifest.xml:29:9-82
41-->src\main\AndroidManifest.xml:29:19-79
42        <activity android:name="com.scg.studinfo.activities.StudUnityActivity" />
42-->src\main\AndroidManifest.xml:30:9-82
42-->src\main\AndroidManifest.xml:30:19-79
43        <activity android:name="com.scg.studinfo.activities.UsersActivity" />
43-->src\main\AndroidManifest.xml:31:9-78
43-->src\main\AndroidManifest.xml:31:19-75
44        <activity android:name="com.scg.studinfo.activities.ItemNewsActivity" />
44-->src\main\AndroidManifest.xml:32:9-81
44-->src\main\AndroidManifest.xml:32:19-78
45        <activity android:name="com.scg.studinfo.activities.AddActivActivity" />
45-->src\main\AndroidManifest.xml:33:9-81
45-->src\main\AndroidManifest.xml:33:19-78
46        <activity android:name="com.scg.studinfo.activities.AddInfoActivity" />
46-->src\main\AndroidManifest.xml:34:9-80
46-->src\main\AndroidManifest.xml:34:19-77
47        <activity android:name="com.scg.studinfo.activities.EditInfoActivity" />
47-->src\main\AndroidManifest.xml:35:9-81
47-->src\main\AndroidManifest.xml:35:19-78
48        <activity android:name="com.scg.studinfo.activities.TimetableActivity" >
48-->src\main\AndroidManifest.xml:36:9-42:20
48-->src\main\AndroidManifest.xml:36:19-79
49            <intent-filter>
49-->src\main\AndroidManifest.xml:37:13-41:29
50                <action android:name="android.intent.action.MAIN" />
50-->src\main\AndroidManifest.xml:38:17-69
50-->src\main\AndroidManifest.xml:38:25-66
51
52                <category android:name="android.intent.category.LAUNCHER" />
52-->src\main\AndroidManifest.xml:40:17-77
52-->src\main\AndroidManifest.xml:40:27-74
53            </intent-filter>
54        </activity>
55        <activity android:name="com.scg.studinfo.activities.ActivityActivity" />
55-->src\main\AndroidManifest.xml:43:9-81
55-->src\main\AndroidManifest.xml:43:19-78
56        <activity android:name="com.scg.studinfo.activities.ProfileActivity" />
56-->src\main\AndroidManifest.xml:44:9-80
56-->src\main\AndroidManifest.xml:44:19-77
57        <activity
57-->src\main\AndroidManifest.xml:45:9-47:71
58            android:name="com.scg.studinfo.activities.LoginActivity"
58-->src\main\AndroidManifest.xml:46:13-69
59            android:windowSoftInputMode="stateVisible|adjustResize" />
59-->src\main\AndroidManifest.xml:47:13-68
60        <activity
60-->src\main\AndroidManifest.xml:48:9-50:71
61            android:name="com.scg.studinfo.activities.RegisterActivity"
61-->src\main\AndroidManifest.xml:49:13-72
62            android:windowSoftInputMode="stateVisible|adjustResize" />
62-->src\main\AndroidManifest.xml:50:13-68
63
64        <provider
64-->src\main\AndroidManifest.xml:52:9-60:20
65            android:name="androidx.core.content.FileProvider"
65-->src\main\AndroidManifest.xml:53:13-62
66            android:authorities="com.scg.studinfo.fileprovider"
66-->src\main\AndroidManifest.xml:54:13-64
67            android:exported="false"
67-->src\main\AndroidManifest.xml:55:13-37
68            android:grantUriPermissions="true" >
68-->src\main\AndroidManifest.xml:56:13-47
69            <meta-data
69-->src\main\AndroidManifest.xml:57:13-59:54
70                android:name="android.support.FILE_PROVIDER_PATHS"
70-->src\main\AndroidManifest.xml:58:17-67
71                android:resource="@xml/file_paths" />
71-->src\main\AndroidManifest.xml:59:17-51
72        </provider>
73
74        <service
74-->[com.google.firebase:firebase-database-ktx:19.3.1] AndroidManifest.xml:12:9-18:19
75            android:name="com.google.firebase.components.ComponentDiscoveryService"
75-->[com.google.firebase:firebase-database-ktx:19.3.1] AndroidManifest.xml:13:13-84
76            android:directBootAware="true"
76-->[com.google.firebase:firebase-common:19.3.0] AndroidManifest.xml:34:13-43
77            android:exported="false" >
77-->[com.google.firebase:firebase-database-ktx:19.3.1] AndroidManifest.xml:14:13-37
78            <meta-data
78-->[com.google.firebase:firebase-database-ktx:19.3.1] AndroidManifest.xml:15:13-17:85
79                android:name="com.google.firebase.components:com.google.firebase.database.ktx.FirebaseDatabaseKtxRegistrar"
79-->[com.google.firebase:firebase-database-ktx:19.3.1] AndroidManifest.xml:16:17-124
80                android:value="com.google.firebase.components.ComponentRegistrar" />
80-->[com.google.firebase:firebase-database-ktx:19.3.1] AndroidManifest.xml:17:17-82
81            <meta-data
81-->[com.google.firebase:firebase-common-ktx:19.3.0] AndroidManifest.xml:15:13-17:85
82                android:name="com.google.firebase.components:com.google.firebase.ktx.FirebaseCommonKtxRegistrar"
82-->[com.google.firebase:firebase-common-ktx:19.3.0] AndroidManifest.xml:16:17-113
83                android:value="com.google.firebase.components.ComponentRegistrar" />
83-->[com.google.firebase:firebase-common-ktx:19.3.0] AndroidManifest.xml:17:17-82
84            <meta-data
84-->[com.google.android.gms:play-services-measurement-api:17.5.0] AndroidManifest.xml:30:13-32:85
85                android:name="com.google.firebase.components:com.google.firebase.analytics.connector.internal.AnalyticsConnectorRegistrar"
85-->[com.google.android.gms:play-services-measurement-api:17.5.0] AndroidManifest.xml:31:17-139
86                android:value="com.google.firebase.components.ComponentRegistrar" />
86-->[com.google.android.gms:play-services-measurement-api:17.5.0] AndroidManifest.xml:32:17-82
87            <meta-data
87-->[com.google.firebase:firebase-auth:19.3.2] AndroidManifest.xml:36:13-38:85
88                android:name="com.google.firebase.components:com.google.firebase.auth.FirebaseAuthRegistrar"
88-->[com.google.firebase:firebase-auth:19.3.2] AndroidManifest.xml:37:17-109
89                android:value="com.google.firebase.components.ComponentRegistrar" />
89-->[com.google.firebase:firebase-auth:19.3.2] AndroidManifest.xml:38:17-82
90            <meta-data
90-->[com.google.firebase:firebase-storage:19.1.1] AndroidManifest.xml:33:13-35:85
91                android:name="com.google.firebase.components:com.google.firebase.storage.StorageRegistrar"
91-->[com.google.firebase:firebase-storage:19.1.1] AndroidManifest.xml:34:17-107
92                android:value="com.google.firebase.components.ComponentRegistrar" />
92-->[com.google.firebase:firebase-storage:19.1.1] AndroidManifest.xml:35:17-82
93            <meta-data
93-->[com.google.firebase:firebase-database:19.3.1] AndroidManifest.xml:32:13-34:85
94                android:name="com.google.firebase.components:com.google.firebase.database.DatabaseRegistrar"
94-->[com.google.firebase:firebase-database:19.3.1] AndroidManifest.xml:33:17-109
95                android:value="com.google.firebase.components.ComponentRegistrar" />
95-->[com.google.firebase:firebase-database:19.3.1] AndroidManifest.xml:34:17-82
96            <meta-data
96-->[com.google.firebase:firebase-installations:16.3.2] AndroidManifest.xml:17:13-19:85
97                android:name="com.google.firebase.components:com.google.firebase.installations.FirebaseInstallationsRegistrar"
97-->[com.google.firebase:firebase-installations:16.3.2] AndroidManifest.xml:18:17-127
98                android:value="com.google.firebase.components.ComponentRegistrar" />
98-->[com.google.firebase:firebase-installations:16.3.2] AndroidManifest.xml:19:17-82
99        </service>
100
101        <receiver
101-->[com.google.android.gms:play-services-measurement:17.5.0] AndroidManifest.xml:29:9-33:20
102            android:name="com.google.android.gms.measurement.AppMeasurementReceiver"
102-->[com.google.android.gms:play-services-measurement:17.5.0] AndroidManifest.xml:30:13-85
103            android:enabled="true"
103-->[com.google.android.gms:play-services-measurement:17.5.0] AndroidManifest.xml:31:13-35
104            android:exported="false" >
104-->[com.google.android.gms:play-services-measurement:17.5.0] AndroidManifest.xml:32:13-37
105        </receiver>
106
107        <service
107-->[com.google.android.gms:play-services-measurement:17.5.0] AndroidManifest.xml:35:9-38:40
108            android:name="com.google.android.gms.measurement.AppMeasurementService"
108-->[com.google.android.gms:play-services-measurement:17.5.0] AndroidManifest.xml:36:13-84
109            android:enabled="true"
109-->[com.google.android.gms:play-services-measurement:17.5.0] AndroidManifest.xml:37:13-35
110            android:exported="false" />
110-->[com.google.android.gms:play-services-measurement:17.5.0] AndroidManifest.xml:38:13-37
111        <service
111-->[com.google.android.gms:play-services-measurement:17.5.0] AndroidManifest.xml:39:9-43:72
112            android:name="com.google.android.gms.measurement.AppMeasurementJobService"
112-->[com.google.android.gms:play-services-measurement:17.5.0] AndroidManifest.xml:40:13-87
113            android:enabled="true"
113-->[com.google.android.gms:play-services-measurement:17.5.0] AndroidManifest.xml:41:13-35
114            android:exported="false"
114-->[com.google.android.gms:play-services-measurement:17.5.0] AndroidManifest.xml:42:13-37
115            android:permission="android.permission.BIND_JOB_SERVICE" />
115-->[com.google.android.gms:play-services-measurement:17.5.0] AndroidManifest.xml:43:13-69
116
117        <activity
117-->[com.google.firebase:firebase-auth:19.3.2] AndroidManifest.xml:24:9-31:50
118            android:name="com.google.firebase.auth.internal.FederatedSignInActivity"
118-->[com.google.firebase:firebase-auth:19.3.2] AndroidManifest.xml:25:13-85
119            android:excludeFromRecents="true"
119-->[com.google.firebase:firebase-auth:19.3.2] AndroidManifest.xml:26:13-46
120            android:exported="true"
120-->[com.google.firebase:firebase-auth:19.3.2] AndroidManifest.xml:27:13-36
121            android:launchMode="singleTask"
121-->[com.google.firebase:firebase-auth:19.3.2] AndroidManifest.xml:28:13-44
122            android:permission="com.google.firebase.auth.api.gms.permission.LAUNCH_FEDERATED_SIGN_IN"
122-->[com.google.firebase:firebase-auth:19.3.2] AndroidManifest.xml:29:13-102
123            android:theme="@android:style/Theme.Translucent.NoTitleBar" />
123-->[com.google.firebase:firebase-auth:19.3.2] AndroidManifest.xml:30:13-72
124        <activity
124-->[com.google.android.gms:play-services-base:17.1.0] AndroidManifest.xml:23:9-26:75
125            android:name="com.google.android.gms.common.api.GoogleApiActivity"
125-->[com.google.android.gms:play-services-base:17.1.0] AndroidManifest.xml:24:13-79
126            android:exported="false"
126-->[com.google.android.gms:play-services-base:17.1.0] AndroidManifest.xml:25:13-37
127            android:theme="@android:style/Theme.Translucent.NoTitleBar" />
127-->[com.google.android.gms:play-services-base:17.1.0] AndroidManifest.xml:26:13-72
128
129        <provider
129-->[com.google.firebase:firebase-common:19.3.0] AndroidManifest.xml:26:9-30:39
130            android:name="com.google.firebase.provider.FirebaseInitProvider"
130-->[com.google.firebase:firebase-common:19.3.0] AndroidManifest.xml:27:13-77
131            android:authorities="com.scg.studinfo.firebaseinitprovider"
131-->[com.google.firebase:firebase-common:19.3.0] AndroidManifest.xml:28:13-72
132            android:exported="false"
132-->[com.google.firebase:firebase-common:19.3.0] AndroidManifest.xml:29:13-37
133            android:initOrder="100" />
133-->[com.google.firebase:firebase-common:19.3.0] AndroidManifest.xml:30:13-36
134
135        <meta-data
135-->[com.google.android.gms:play-services-basement:17.0.0] AndroidManifest.xml:23:9-25:69
136            android:name="com.google.android.gms.version"
136-->[com.google.android.gms:play-services-basement:17.0.0] AndroidManifest.xml:24:13-58
137            android:value="@integer/google_play_services_version" />
137-->[com.google.android.gms:play-services-basement:17.0.0] AndroidManifest.xml:25:13-66
138
139        <provider
139-->[androidx.lifecycle:lifecycle-process:2.2.0] AndroidManifest.xml:25:9-29:43
140            android:name="androidx.lifecycle.ProcessLifecycleOwnerInitializer"
140-->[androidx.lifecycle:lifecycle-process:2.2.0] AndroidManifest.xml:26:13-79
141            android:authorities="com.scg.studinfo.lifecycle-process"
141-->[androidx.lifecycle:lifecycle-process:2.2.0] AndroidManifest.xml:27:13-69
142            android:exported="false"
142-->[androidx.lifecycle:lifecycle-process:2.2.0] AndroidManifest.xml:28:13-37
143            android:multiprocess="true" />
143-->[androidx.lifecycle:lifecycle-process:2.2.0] AndroidManifest.xml:29:13-40
144    </application>
145
146</manifest>